mode: set
sqat.yerzhanat.net/cmd/api/movies.go:12.84,22.16 3 1
sqat.yerzhanat.net/cmd/api/movies.go:28.2,35.46 3 1
sqat.yerzhanat.net/cmd/api/movies.go:42.2,43.16 2 1
sqat.yerzhanat.net/cmd/api/movies.go:52.2,57.16 4 1
sqat.yerzhanat.net/cmd/api/movies.go:22.16,26.3 3 1
sqat.yerzhanat.net/cmd/api/movies.go:35.46,38.3 2 1
sqat.yerzhanat.net/cmd/api/movies.go:43.16,47.3 3 0
sqat.yerzhanat.net/cmd/api/movies.go:57.16,60.3 2 0
sqat.yerzhanat.net/cmd/api/movies.go:63.82,65.16 2 1
sqat.yerzhanat.net/cmd/api/movies.go:72.2,74.16 3 1
sqat.yerzhanat.net/cmd/api/movies.go:83.2,84.16 2 1
sqat.yerzhanat.net/cmd/api/movies.go:65.16,68.3 2 1
sqat.yerzhanat.net/cmd/api/movies.go:74.16,75.10 1 0
sqat.yerzhanat.net/cmd/api/movies.go:81.3,81.9 1 0
sqat.yerzhanat.net/cmd/api/movies.go:76.38,77.30 1 0
sqat.yerzhanat.net/cmd/api/movies.go:78.11,79.38 1 0
sqat.yerzhanat.net/cmd/api/movies.go:84.16,86.3 1 0
sqat.yerzhanat.net/cmd/api/movies.go:89.84,91.16 2 1
sqat.yerzhanat.net/cmd/api/movies.go:96.2,97.16 2 1
sqat.yerzhanat.net/cmd/api/movies.go:108.2,116.16 3 1
sqat.yerzhanat.net/cmd/api/movies.go:126.2,126.24 1 1
sqat.yerzhanat.net/cmd/api/movies.go:130.2,130.23 1 1
sqat.yerzhanat.net/cmd/api/movies.go:133.2,133.26 1 1
sqat.yerzhanat.net/cmd/api/movies.go:136.2,136.25 1 1
sqat.yerzhanat.net/cmd/api/movies.go:139.2,140.46 2 1
sqat.yerzhanat.net/cmd/api/movies.go:146.2,147.16 2 0
sqat.yerzhanat.net/cmd/api/movies.go:156.2,157.16 2 0
sqat.yerzhanat.net/cmd/api/movies.go:91.16,94.3 2 1
sqat.yerzhanat.net/cmd/api/movies.go:97.16,98.10 1 1
sqat.yerzhanat.net/cmd/api/movies.go:104.3,105.9 2 1
sqat.yerzhanat.net/cmd/api/movies.go:99.47,100.30 1 1
sqat.yerzhanat.net/cmd/api/movies.go:101.11,102.38 1 0
sqat.yerzhanat.net/cmd/api/movies.go:116.16,119.3 2 1
sqat.yerzhanat.net/cmd/api/movies.go:126.24,128.3 1 1
sqat.yerzhanat.net/cmd/api/movies.go:130.23,132.3 1 1
sqat.yerzhanat.net/cmd/api/movies.go:133.26,135.3 1 1
sqat.yerzhanat.net/cmd/api/movies.go:136.25,138.3 1 1
sqat.yerzhanat.net/cmd/api/movies.go:140.46,143.3 2 1
sqat.yerzhanat.net/cmd/api/movies.go:147.16,148.10 1 0
sqat.yerzhanat.net/cmd/api/movies.go:154.3,154.9 1 0
sqat.yerzhanat.net/cmd/api/movies.go:149.45,150.34 1 0
sqat.yerzhanat.net/cmd/api/movies.go:151.11,152.38 1 0
sqat.yerzhanat.net/cmd/api/movies.go:157.16,159.3 1 0
sqat.yerzhanat.net/cmd/api/movies.go:162.84,165.16 2 1
sqat.yerzhanat.net/cmd/api/movies.go:171.2,172.16 2 1
sqat.yerzhanat.net/cmd/api/movies.go:182.2,183.16 2 1
sqat.yerzhanat.net/cmd/api/movies.go:165.16,168.3 2 0
sqat.yerzhanat.net/cmd/api/movies.go:172.16,173.10 1 1
sqat.yerzhanat.net/cmd/api/movies.go:179.3,179.9 1 1
sqat.yerzhanat.net/cmd/api/movies.go:174.47,175.30 1 1
sqat.yerzhanat.net/cmd/api/movies.go:176.11,177.38 1 0
sqat.yerzhanat.net/cmd/api/movies.go:183.16,185.3 1 0
sqat.yerzhanat.net/cmd/api/routes.go:8.53,19.2 9 0
sqat.yerzhanat.net/cmd/api/routes.go:21.51,35.2 9 1
sqat.yerzhanat.net/cmd/api/errors.go:11.62,13.2 1 0
sqat.yerzhanat.net/cmd/api/errors.go:19.112,25.16 3 1
sqat.yerzhanat.net/cmd/api/errors.go:25.16,28.3 2 0
sqat.yerzhanat.net/cmd/api/errors.go:35.96,39.2 3 0
sqat.yerzhanat.net/cmd/api/errors.go:43.82,46.2 2 1
sqat.yerzhanat.net/cmd/api/errors.go:50.90,53.2 2 0
sqat.yerzhanat.net/cmd/api/errors.go:55.95,57.2 1 1
sqat.yerzhanat.net/cmd/api/errors.go:61.116,63.2 1 1
sqat.yerzhanat.net/cmd/api/errors.go:65.86,68.2 2 0
sqat.yerzhanat.net/cmd/api/healthcheck.go:7.84,16.16 3 0
sqat.yerzhanat.net/cmd/api/healthcheck.go:16.16,19.3 1 0
sqat.yerzhanat.net/cmd/api/helpers.go:16.69,19.26 3 1
sqat.yerzhanat.net/cmd/api/helpers.go:22.2,22.16 1 1
sqat.yerzhanat.net/cmd/api/helpers.go:19.26,21.3 1 1
sqat.yerzhanat.net/cmd/api/helpers.go:29.112,31.16 2 1
sqat.yerzhanat.net/cmd/api/helpers.go:34.2,35.34 2 1
sqat.yerzhanat.net/cmd/api/helpers.go:38.2,41.12 4 1
sqat.yerzhanat.net/cmd/api/helpers.go:31.16,33.3 1 0
sqat.yerzhanat.net/cmd/api/helpers.go:35.34,37.3 1 1
sqat.yerzhanat.net/cmd/api/helpers.go:44.97,56.16 6 1
sqat.yerzhanat.net/cmd/api/helpers.go:96.2,97.19 2 1
sqat.yerzhanat.net/cmd/api/helpers.go:100.2,100.12 1 1
sqat.yerzhanat.net/cmd/api/helpers.go:56.16,60.10 4 1
sqat.yerzhanat.net/cmd/api/helpers.go:61.37,62.94 1 1
sqat.yerzhanat.net/cmd/api/helpers.go:63.44,64.56 1 0
sqat.yerzhanat.net/cmd/api/helpers.go:65.44,66.38 1 0
sqat.yerzhanat.net/cmd/api/helpers.go:69.4,69.103 1 0
sqat.yerzhanat.net/cmd/api/helpers.go:70.31,71.47 1 0
sqat.yerzhanat.net/cmd/api/helpers.go:78.63,80.64 2 0
sqat.yerzhanat.net/cmd/api/helpers.go:84.54,85.72 1 0
sqat.yerzhanat.net/cmd/api/helpers.go:86.47,87.14 1 0
sqat.yerzhanat.net/cmd/api/helpers.go:88.11,89.14 1 0
sqat.yerzhanat.net/cmd/api/helpers.go:66.38,68.5 1 0
sqat.yerzhanat.net/cmd/api/helpers.go:97.19,99.3 1 1
sqat.yerzhanat.net/cmd/api/main.go:44.13,55.16 11 0
sqat.yerzhanat.net/cmd/api/main.go:58.2,76.19 7 0
sqat.yerzhanat.net/cmd/api/main.go:55.16,57.3 1 0
sqat.yerzhanat.net/cmd/api/main.go:79.48,82.16 2 0
sqat.yerzhanat.net/cmd/api/main.go:85.2,85.53 1 0
sqat.yerzhanat.net/cmd/api/main.go:88.2,88.16 1 0
sqat.yerzhanat.net/cmd/api/main.go:82.16,84.3 1 0
sqat.yerzhanat.net/cmd/api/main.go:85.53,87.3 1 0
